Error: multiple output @typescript-eslint/consistent-type-assertions ESLint rule options were generated, but tslint-to-eslint-config doesn't have "merger" logic to deal with this.
Please file an issue at https://github.com/typescript-eslint/tslint-to-eslint-config/issues/new?template=missing_merger.md 🙏

[33mtslint-to-eslint-config does not know the ESLint equivalent for TSLint's "jsdoc-format"[39m
[33mtslint-to-eslint-config does not know the ESLint equivalent for TSLint's "jsx-boolean-value"[39m
[33mtslint-to-eslint-config does not know the ESLint equivalent for TSLint's "jsx-key"[39m
[33mtslint-to-eslint-config does not know the ESLint equivalent for TSLint's "jsx-no-bind"[39m
[33mtslint-to-eslint-config does not know the ESLint equivalent for TSLint's "jsx-no-string-ref"[39m
[33mtslint-to-eslint-config does not know the ESLint equivalent for TSLint's "jsx-self-close"[39m
[33mtslint-to-eslint-config does not know the ESLint equivalent for TSLint's "no-reference-import"[39m
[33mtslint-to-eslint-config does not know the ESLint equivalent for TSLint's "prefer-conditional-expression"[39m
[33mtslint-to-eslint-config does not know the ESLint equivalent for TSLint's "prettier"[39m
[33mtslint-to-eslint-config does not know the ESLint equivalent for TSLint's "react-a11y-accessible-headings"[39m
[33mtslint-to-eslint-config does not know the ESLint equivalent for TSLint's "react-a11y-aria-unsupported-elements"[39m
[33mtslint-to-eslint-config does not know the ESLint equivalent for TSLint's "react-a11y-event-has-role"[39m
[33mtslint-to-eslint-config does not know the ESLint equivalent for TSLint's "react-a11y-iframes"[39m
[33mtslint-to-eslint-config does not know the ESLint equivalent for TSLint's "react-a11y-image-button-has-alt"[39m
[33mtslint-to-eslint-config does not know the ESLint equivalent for TSLint's "react-a11y-img-has-alt"[39m
[33mtslint-to-eslint-config does not know the ESLint equivalent for TSLint's "react-a11y-input-elements"[39m
[33mtslint-to-eslint-config does not know the ESLint equivalent for TSLint's "react-a11y-lang"[39m
[33mtslint-to-eslint-config does not know the ESLint equivalent for TSLint's "react-a11y-meta"[39m
[33mtslint-to-eslint-config does not know the ESLint equivalent for TSLint's "react-a11y-mouse-event-has-key-event"[39m
[33mtslint-to-eslint-config does not know the ESLint equivalent for TSLint's "react-a11y-no-onchange"[39m
[33mtslint-to-eslint-config does not know the ESLint equivalent for TSLint's "react-a11y-props"[39m
[33mtslint-to-eslint-config does not know the ESLint equivalent for TSLint's "react-a11y-proptypes"[39m
[33mtslint-to-eslint-config does not know the ESLint equivalent for TSLint's "react-a11y-required"[39m
[33mtslint-to-eslint-config does not know the ESLint equivalent for TSLint's "react-a11y-role"[39m
[33mtslint-to-eslint-config does not know the ESLint equivalent for TSLint's "react-a11y-role-has-required-aria-props"[39m
[33mtslint-to-eslint-config does not know the ESLint equivalent for TSLint's "react-a11y-role-supports-aria-props"[39m
[33mtslint-to-eslint-config does not know the ESLint equivalent for TSLint's "react-a11y-tabindex-no-positive"[39m
[33mtslint-to-eslint-config does not know the ESLint equivalent for TSLint's "react-a11y-titles"[39m
[33m[39m[33mtslint-to-eslint-config does not know the ESLint equivalent for TSLint's "editor.tabSize"[39m
[33mtslint-to-eslint-config does not know the ESLint equivalent for TSLint's "editor.tokenColorCustomizations"[39m
[33mtslint-to-eslint-config does not know the ESLint equivalent for TSLint's "editor.fontSize"[39m
[33mtslint-to-eslint-config does not know the ESLint equivalent for TSLint's "editor.suggestSelection"[39m
[33mtslint-to-eslint-config does not know the ESLint equivalent for TSLint's "editor.accessibilitySupport"[39m
[33mtslint-to-eslint-config does not know the ESLint equivalent for TSLint's "editor.fontLigatures"[39m
[33m[39m